<?xml version="1.0" encoding="UTF-8"?>
<!-- Generated by org.testng.reporters.JUnitReportReporter -->
<testsuite hostname="vamsi" failures="0" tests="1" name="automation.selenium.AppTest" time="1.026" errors="0" timestamp="2024-03-15T11:21:03 IST" skipped="0">
  <testcase classname="automation.selenium.AppTest" name="name" time="1.026"/>
</testsuite> <!-- automation.selenium.AppTest -->
